<?xml version="1.0" encoding="UTF-8"?>
<!-- Generated by org.testng.reporters.JUnitReportReporter -->
<testsuite hostname="DESKTOP-57AN5QL" failures="0" tests="1" name="Tpack.Demo" time="47.675" errors="0" timestamp="2023-12-09T17:58:36 IST" skipped="0">
  <testcase classname="Tpack.Demo" name="sampleAutomation" time="47.675"/>
  <system-out/>
</testsuite> <!-- Tpack.Demo -->
