<?xml version="1.0" encoding="UTF-8"?>
<!-- Generated by org.testng.reporters.JUnitReportReporter -->
<testsuite hostname="DESKTOP-57AN5QL" failures="0" tests="3" name="Tpack.DemoThreeAssertionTutorial" time="0.024" errors="0" timestamp="2023-12-10T12:43:00 IST" skipped="0">
  <testcase classname="Tpack.DemoThreeAssertionTutorial" name="testRegisteration" time="0.013"/>
  <system-out/>
  <testcase classname="Tpack.DemoThreeAssertionTutorial" name="loginPage" time="0.005"/>
  <system-out/>
  <testcase classname="Tpack.DemoThreeAssertionTutorial" name="HomePage" time="0.006"/>
  <system-out/>
</testsuite> <!-- Tpack.DemoThreeAssertionTutorial -->
